<?xml version="1.0" encoding="UTF-8"?>
<testsuite name="MainClass" tests="1" skipped="0" failures="0" errors="0" timestamp="2021-12-24T17:46:13" hostname="DESKTOP-71U6545" time="62.095">
  <properties/>
  <testcase name="test4DodChecking" classname="MainClass" time="62.095"/>
  <system-out><![CDATA[[20:46:16.015] | INFO  | Test worker                      | MainClass                        | Драйвер поднят
[20:46:59.394] | INFO  | Test worker                      | MainClass                        | Открыт сайт Отус
[20:47:07.490] | INFO  | Test worker                      | MainClass                        | Перешли в Календарь мероприятий
[20:47:14.495] | INFO  | Test worker                      | MainClass                        | Отсортировали по ДОД
[20:47:15.216] | INFO  | Test worker                      | MainClass                        | Карточки ДОД проверены
]]></system-out>
  <system-err><![CDATA[SLF4J: Failed to load class "org.slf4j.impl.StaticLoggerBinder".
SLF4J: Defaulting to no-operation (NOP) logger implementation
SLF4J: See http://www.slf4j.org/codes.html#StaticLoggerBinder for further details.
Starting ChromeDriver 96.0.4664.45 (76e4c1bb2ab4671b8beba3444e61c0f17584b2fc-refs/branch-heads/4664@{#947}) on port 14333
Only local connections are allowed.
Please see https://chromedriver.chromium.org/security-considerations for suggestions on keeping ChromeDriver safe.
ChromeDriver was started successfully.
дек 24, 2021 8:46:15 PM org.openqa.selenium.remote.ProtocolHandshake createSession
INFO: Detected dialect: W3C
]]></system-err>
</testsuite>
