<?xml version="1.0" encoding="UTF-8"?>
<testsuite name="MainClass" tests="1" skipped="0" failures="0" errors="0" timestamp="2021-11-21T17:05:14" hostname="DESKTOP-71U6545" time="18.122">
  <properties/>
  <testcase name="mainTest" classname="MainClass" time="18.122"/>
  <system-out><![CDATA[[20:05:16.413] | INFO  | Test worker                      | MainClass                        | Драйвер поднят
[20:05:21.133] | INFO  | Test worker                      | MainClass                        | Открыт сайт Отус
[20:05:21.133] | INFO  | Test worker                      | MainClass                        | Открыт раздел Тестирование
[20:05:22.831] | INFO  | Test worker                      | MainClass                        | Перешли в Календарь мероприятий
]]></system-out>
  <system-err><![CDATA[SLF4J: Failed to load class "org.slf4j.impl.StaticLoggerBinder".
SLF4J: Defaulting to no-operation (NOP) logger implementation
SLF4J: See http://www.slf4j.org/codes.html#StaticLoggerBinder for further details.
Starting ChromeDriver 96.0.4664.45 (76e4c1bb2ab4671b8beba3444e61c0f17584b2fc-refs/branch-heads/4664@{#947}) on port 11557
Only local connections are allowed.
Please see https://chromedriver.chromium.org/security-considerations for suggestions on keeping ChromeDriver safe.
ChromeDriver was started successfully.
ноя 21, 2021 8:05:16 PM org.openqa.selenium.remote.ProtocolHandshake createSession
INFO: Detected dialect: W3C
]]></system-err>
</testsuite>
