<?xml version="1.0" encoding="UTF-8"?>
<testsuite name="MainClass" tests="1" skipped="0" failures="0" errors="0" timestamp="2021-12-10T17:25:10" hostname="DESKTOP-71U6545" time="23.461">
  <properties/>
  <testcase name="test4DodChecking" classname="MainClass" time="23.461"/>
  <system-out><![CDATA[[20:25:12.743] | INFO  | Test worker                      | MainClass                        | Драйвер поднят
[20:25:28.133] | INFO  | Test worker                      | MainClass                        | Открыт сайт Отус
[20:25:30.860] | INFO  | Test worker                      | MainClass                        | Перешли в Календарь мероприятий
[20:25:32.503] | INFO  | Test worker                      | MainClass                        | Отсортировали по ДОД
[20:25:33.410] | INFO  | Test worker                      | MainClass                        | Карточки ДОД проверены
]]></system-out>
  <system-err><![CDATA[SLF4J: Failed to load class "org.slf4j.impl.StaticLoggerBinder".
SLF4J: Defaulting to no-operation (NOP) logger implementation
SLF4J: See http://www.slf4j.org/codes.html#StaticLoggerBinder for further details.
Starting ChromeDriver 96.0.4664.45 (76e4c1bb2ab4671b8beba3444e61c0f17584b2fc-refs/branch-heads/4664@{#947}) on port 1516
Only local connections are allowed.
Please see https://chromedriver.chromium.org/security-considerations for suggestions on keeping ChromeDriver safe.
ChromeDriver was started successfully.
дек 10, 2021 8:25:12 PM org.openqa.selenium.remote.ProtocolHandshake createSession
INFO: Detected dialect: W3C
]]></system-err>
</testsuite>
